[23:09:11] [ServerMain/INFO]: Environment: authHost='https://authserver.mojang.com', accountsHost='https://api.mojang.com', sessionHost='https://sessionserver.mojang.com', servicesHost='https://api.minecraftservices.com', name='PROD'
[23:09:14] [ServerMain/WARN]: Ambiguity between arguments [teleport, location] and [teleport, destination] with inputs: [0.1 -0.5 .9, 0 0 0]
[23:09:14] [ServerMain/WARN]: Ambiguity between arguments [teleport, location] and [teleport, targets] with inputs: [0.1 -0.5 .9, 0 0 0]
[23:09:14] [ServerMain/WARN]: Ambiguity between arguments [teleport, destination] and [teleport, targets] with inputs: [Player, 0123, @e, dd12be42-52a9-4a91-a8a1-11c01849e498]
[23:09:14] [ServerMain/WARN]: Ambiguity between arguments [teleport, targets] and [teleport, destination] with inputs: [Player, 0123, dd12be42-52a9-4a91-a8a1-11c01849e498]
[23:09:14] [ServerMain/WARN]: Ambiguity between arguments [teleport, targets, location] and [teleport, targets, destination] with inputs: [0.1 -0.5 .9, 0 0 0]
[23:09:14] [Worker-Main-13/INFO]: Loaded 7 recipes
[23:09:14] [Worker-Main-13/INFO]: Loaded 1141 advancements
[23:09:16] [Server thread/INFO]: Starting minecraft server version 1.18.2
[23:09:16] [Server thread/INFO]: Loading properties
[23:09:16] [Server thread/INFO]: Default game type: SURVIVAL
[23:09:16] [Server thread/INFO]: Generating keypair
[23:09:16] [Server thread/INFO]: Starting Minecraft server on *:25565
[23:09:16] [Server thread/INFO]: Using default channel type
[23:09:17] [Server thread/INFO]: Preparing level "world"
[23:09:28] [Server thread/INFO]: Preparing start region for dimension minecraft:overworld
[23:09:30] [Worker-Main-13/INFO]: Preparing spawn area: 0%
[23:09:30] [Worker-Main-11/INFO]: Preparing spawn area: 0%
[23:09:30] [Worker-Main-8/INFO]: Preparing spawn area: 0%
[23:09:30] [Worker-Main-13/INFO]: Preparing spawn area: 0%
[23:09:30] [Worker-Main-14/INFO]: Preparing spawn area: 0%
[23:09:31] [Worker-Main-10/INFO]: Preparing spawn area: 0%
[23:09:31] [Worker-Main-10/INFO]: Preparing spawn area: 0%
[23:09:32] [Worker-Main-14/INFO]: Preparing spawn area: 0%
[23:09:32] [Worker-Main-13/INFO]: Preparing spawn area: 1%
[23:09:33] [Worker-Main-8/INFO]: Preparing spawn area: 1%
[23:09:33] [Worker-Main-8/INFO]: Preparing spawn area: 1%
[23:09:34] [Worker-Main-11/INFO]: Preparing spawn area: 1%
[23:09:34] [Worker-Main-9/INFO]: Preparing spawn area: 2%
[23:09:35] [Worker-Main-13/INFO]: Preparing spawn area: 3%
[23:09:35] [Worker-Main-8/INFO]: Preparing spawn area: 3%
[23:09:36] [Worker-Main-12/INFO]: Preparing spawn area: 3%
[23:09:36] [Worker-Main-10/INFO]: Preparing spawn area: 4%
[23:09:37] [Worker-Main-9/INFO]: Preparing spawn area: 6%
[23:09:37] [Worker-Main-10/INFO]: Preparing spawn area: 6%
[23:09:38] [Worker-Main-14/INFO]: Preparing spawn area: 7%
[23:09:38] [Worker-Main-8/INFO]: Preparing spawn area: 8%
[23:09:39] [Worker-Main-9/INFO]: Preparing spawn area: 8%
[23:09:39] [Worker-Main-14/INFO]: Preparing spawn area: 9%
[23:09:40] [Worker-Main-10/INFO]: Preparing spawn area: 9%
[23:09:40] [Worker-Main-12/INFO]: Preparing spawn area: 11%
[23:09:41] [Worker-Main-9/INFO]: Preparing spawn area: 12%
[23:09:41] [Worker-Main-14/INFO]: Preparing spawn area: 13%
[23:09:42] [Worker-Main-11/INFO]: Preparing spawn area: 13%
[23:09:42] [Worker-Main-12/INFO]: Preparing spawn area: 15%
[23:09:43] [Worker-Main-11/INFO]: Preparing spawn area: 16%
[23:09:43] [Worker-Main-12/INFO]: Preparing spawn area: 17%
[23:09:44] [Worker-Main-14/INFO]: Preparing spawn area: 18%
[23:09:44] [Worker-Main-12/INFO]: Preparing spawn area: 18%
[23:09:45] [Worker-Main-14/INFO]: Preparing spawn area: 21%
[23:09:45] [Worker-Main-9/INFO]: Preparing spawn area: 21%
[23:09:46] [Worker-Main-8/INFO]: Preparing spawn area: 22%
[23:09:46] [Worker-Main-13/INFO]: Preparing spawn area: 24%
[23:09:47] [Worker-Main-8/INFO]: Preparing spawn area: 24%
[23:09:47] [Worker-Main-13/INFO]: Preparing spawn area: 27%
[23:09:48] [Worker-Main-13/INFO]: Preparing spawn area: 29%
[23:09:48] [Worker-Main-9/INFO]: Preparing spawn area: 31%
[23:09:49] [Worker-Main-8/INFO]: Preparing spawn area: 32%
[23:09:49] [Worker-Main-9/INFO]: Preparing spawn area: 33%
[23:09:50] [Worker-Main-13/INFO]: Preparing spawn area: 35%
[23:09:50] [Worker-Main-13/INFO]: Preparing spawn area: 35%
[23:09:51] [Worker-Main-11/INFO]: Preparing spawn area: 38%
[23:09:51] [Worker-Main-8/INFO]: Preparing spawn area: 40%
[23:09:52] [Worker-Main-10/INFO]: Preparing spawn area: 42%
[23:09:52] [Worker-Main-12/INFO]: Preparing spawn area: 43%
[23:09:53] [Worker-Main-13/INFO]: Preparing spawn area: 44%
[23:09:53] [Worker-Main-9/INFO]: Preparing spawn area: 45%
[23:09:54] [Worker-Main-12/INFO]: Preparing spawn area: 47%
[23:09:54] [Worker-Main-8/INFO]: Preparing spawn area: 49%
[23:09:55] [Worker-Main-11/INFO]: Preparing spawn area: 52%
[23:09:55] [Worker-Main-12/INFO]: Preparing spawn area: 54%
[23:09:56] [Worker-Main-14/INFO]: Preparing spawn area: 55%
[23:09:56] [Worker-Main-11/INFO]: Preparing spawn area: 56%
[23:09:57] [Worker-Main-10/INFO]: Preparing spawn area: 59%
[23:09:57] [Worker-Main-10/INFO]: Preparing spawn area: 62%
[23:09:58] [Worker-Main-13/INFO]: Preparing spawn area: 66%
[23:09:58] [Worker-Main-9/INFO]: Preparing spawn area: 69%
[23:09:59] [Worker-Main-11/INFO]: Preparing spawn area: 71%
[23:09:59] [Worker-Main-8/INFO]: Preparing spawn area: 75%
[23:10:00] [Worker-Main-12/INFO]: Preparing spawn area: 77%
[23:10:00] [Worker-Main-11/INFO]: Preparing spawn area: 81%
[23:10:01] [Worker-Main-13/INFO]: Preparing spawn area: 84%
[23:10:01] [Worker-Main-9/INFO]: Preparing spawn area: 87%
[23:10:02] [Worker-Main-14/INFO]: Preparing spawn area: 90%
[23:10:02] [Worker-Main-9/INFO]: Preparing spawn area: 94%
[23:10:03] [Worker-Main-8/INFO]: Preparing spawn area: 97%
[23:10:03] [Server thread/INFO]: Time elapsed: 34628 ms
[23:10:03] [Server thread/INFO]: Done (46.404s)! For help, type "help"
[23:16:23] [User Authenticator #1/INFO]: UUID of player dmac1023 is 295dd8bb-76b1-4547-b32b-4b2ee9a6c5f7
[23:16:23] [Server thread/INFO]: dmac1023[/10.77.128.53:49649] logged in with entity id 315 at (89.5, 83.0, -8.5)
[23:16:23] [Server thread/INFO]: dmac1023 joined the game
[23:16:51] [Server thread/INFO]: dmac1023 lost connection: Disconnected
[23:16:51] [Server thread/INFO]: dmac1023 left the game
[23:18:26] [Server thread/INFO]: Unknown or incomplete command, see below for error
[23:18:26] [Server thread/INFO]: exit<--[HERE]
[23:18:32] [Server thread/INFO]: Unknown or incomplete command, see below for error
[23:18:32] [Server thread/INFO]: q<--[HERE]
[23:18:43] [Server thread/INFO]: Unknown or incomplete command, see below for error
[23:18:43] [Server thread/INFO]: end<--[HERE]
[23:19:09] [Server console handler/ERROR]: Exception handling console input
java.io.IOException: Input/output error
	at java.io.FileInputStream.readBytes(Native Method) ~[?:?]
	at java.io.FileInputStream.read(FileInputStream.java:276) ~[?:?]
	at java.io.BufferedInputStream.read1(BufferedInputStream.java:282) ~[?:?]
	at java.io.BufferedInputStream.read(BufferedInputStream.java:343) ~[?:?]
	at sun.nio.cs.StreamDecoder.readBytes(StreamDecoder.java:270) ~[?:?]
	at sun.nio.cs.StreamDecoder.implRead(StreamDecoder.java:313) ~[?:?]
	at sun.nio.cs.StreamDecoder.read(StreamDecoder.java:188) ~[?:?]
	at java.io.InputStreamReader.read(InputStreamReader.java:177) ~[?:?]
	at java.io.BufferedReader.fill(BufferedReader.java:162) ~[?:?]
	at java.io.BufferedReader.readLine(BufferedReader.java:329) ~[?:?]
	at java.io.BufferedReader.readLine(BufferedReader.java:396) ~[?:?]
	at acx$1.run(SourceFile:99) [server-1.18.2.jar:?]
