[22:05:32] [main/INFO]: Environment: authHost='https://authserver.mojang.com', accountsHost='https://api.mojang.com', sessionHost='https://sessionserver.mojang.com', servicesHost='https://api.minecraftservices.com', name='PROD'
[22:05:33] [main/INFO]: Reloading ResourceManager: Default, bukkit
[22:05:33] [Worker-Main-2/INFO]: Loaded 7 recipes
[22:05:34] [Server thread/INFO]: Starting minecraft server version 1.17.1
[22:05:34] [Server thread/INFO]: Loading properties
[22:05:34] [Server thread/INFO]: This server is running Paper version git-Paper-411 (MC: 1.17.1) (Implementing API version 1.17.1-R0.1-SNAPSHOT) (Git: 6625db3 on ver/1.17.1)
[22:05:34] [Server thread/INFO]: Server Ping Player Sample Count: 12
[22:05:34] [Server thread/INFO]: Using 4 threads for Netty based IO
[22:05:34] [Server thread/INFO]: Default game type: SURVIVAL
[22:05:34] [Server thread/INFO]: Generating keypair
[22:05:34] [Server thread/INFO]: Starting Minecraft server on *:25565
[22:05:34] [Server thread/INFO]: Using default channel type
[22:05:34] [Server thread/INFO]: Paper: Using Java 11 compression from Velocity.
[22:05:34] [Server thread/INFO]: Paper: Using Java cipher from Velocity.
[22:05:35] [Server thread/INFO]: Server permissions file permissions.yml is empty, ignoring it
[22:05:35] [Server thread/INFO]: Preparing level "world"
[22:05:35] [Server thread/INFO]: Preparing start region for dimension minecraft:overworld
[22:05:35] [Server thread/INFO]: Time elapsed: 157 ms
[22:05:35] [Server thread/INFO]: Preparing start region for dimension minecraft:the_nether
[22:05:35] [Server thread/INFO]: Time elapsed: 69 ms
[22:05:35] [Server thread/INFO]: Preparing start region for dimension minecraft:the_end
[22:05:35] [Server thread/INFO]: Time elapsed: 90 ms
[22:05:35] [Server thread/INFO]: Running delayed init tasks
[22:05:35] [Server thread/INFO]: Done (1.187s)! For help, type "help"
[22:05:35] [Server thread/INFO]: Timings Reset
[22:05:46] [Server thread/INFO]: Stopping server
[22:05:46] [Server thread/INFO]: Saving players
[22:05:46] [Server thread/INFO]: Saving worlds
[22:05:46] [Server thread/INFO]: Saving chunks for level 'ServerLevel[world]'/minecraft:overworld
[22:05:47] [Server thread/INFO]: Saving chunks for level 'ServerLevel[world_nether]'/minecraft:the_nether
[22:05:48] [Server thread/INFO]: Saving chunks for level 'ServerLevel[world_the_end]'/minecraft:the_end
[22:05:48] [Server thread/INFO]: ThreadedAnvilChunkStorage (world): All chunks are saved
[22:05:48] [Server thread/INFO]: ThreadedAnvilChunkStorage (DIM-1): All chunks are saved
[22:05:48] [Server thread/INFO]: ThreadedAnvilChunkStorage (DIM1): All chunks are saved
[22:05:48] [Server thread/INFO]: ThreadedAnvilChunkStorage: All dimensions are saved
[22:05:48] [Server thread/INFO]: Flushing Chunk IO
[22:05:48] [Server thread/INFO]: Closing Thread Pool
