[02:07:22] [main/INFO]: Environment: authHost='https://authserver.mojang.com', accountsHost='https://api.mojang.com', sessionHost='https://sessionserver.mojang.com', servicesHost='https://api.minecraftservices.com', name='PROD'
[02:07:22] [main/INFO]: Reloading ResourceManager: Default, bukkit
[02:07:23] [Worker-Main-1/INFO]: Loaded 7 recipes
[02:07:24] [Server thread/INFO]: Starting minecraft server version 1.17.1
[02:07:24] [Server thread/WARN]: ****************************
[02:07:24] [Server thread/WARN]: YOU ARE RUNNING THIS SERVER AS AN ADMINISTRATIVE OR ROOT USER. THIS IS NOT ADVISED.
[02:07:24] [Server thread/WARN]: YOU ARE OPENING YOURSELF UP TO POTENTIAL RISKS WHEN DOING THIS.
[02:07:24] [Server thread/WARN]: FOR MORE INFORMATION, SEE https://madelinemiller.dev/blog/root-minecraft-server/
[02:07:24] [Server thread/WARN]: ****************************
[02:07:24] [Server thread/INFO]: Loading properties
[02:07:24] [Server thread/INFO]: This server is running Paper version git-Paper-411 (MC: 1.17.1) (Implementing API version 1.17.1-R0.1-SNAPSHOT) (Git: 6625db3 on ver/1.17.1)
[02:07:24] [Server thread/INFO]: Server Ping Player Sample Count: 12
[02:07:24] [Server thread/INFO]: Using 4 threads for Netty based IO
[02:07:24] [Server thread/INFO]: Default game type: SURVIVAL
[02:07:24] [Server thread/INFO]: Generating keypair
[02:07:24] [Server thread/INFO]: Starting Minecraft server on *:25565
[02:07:24] [Server thread/INFO]: Using epoll channel type
[02:07:24] [Server thread/INFO]: Paper: Using libdeflate (Linux x86_64) compression from Velocity.
[02:07:24] [Server thread/INFO]: Paper: Using OpenSSL 1.1.x (Linux x86_64) cipher from Velocity.
[02:07:24] [Server thread/INFO]: Server permissions file permissions.yml is empty, ignoring it
[02:07:24] [Server thread/INFO]: Preparing level "world"
[02:07:25] [Server thread/INFO]: Preparing start region for dimension minecraft:overworld
[02:07:25] [Server thread/INFO]: Time elapsed: 316 ms
[02:07:25] [Server thread/INFO]: Preparing start region for dimension minecraft:the_nether
[02:07:25] [Server thread/INFO]: Time elapsed: 189 ms
[02:07:25] [Server thread/INFO]: Preparing start region for dimension minecraft:the_end
[02:07:26] [Server thread/INFO]: Time elapsed: 227 ms
[02:07:26] [Server thread/INFO]: Running delayed init tasks
[02:07:26] [Server thread/INFO]: Done (1.896s)! For help, type "help"
[02:07:26] [Server thread/INFO]: Timings Reset
[02:07:46] [User Authenticator #1/INFO]: UUID of player dmac1023 is 295dd8bb-76b1-4547-b32b-4b2ee9a6c5f7
[02:07:46] [Server thread/INFO]: dmac1023 joined the game
[02:07:46] [Server thread/INFO]: dmac1023[/172.21.0.1:60136] logged in with entity id 250 at ([world]-35.82767405435715, 68.0, 188.03895920244088)
