[21:14:26] [main/INFO]: Environment: authHost='https://authserver.mojang.com', accountsHost='https://api.mojang.com', sessionHost='https://sessionserver.mojang.com', servicesHost='https://api.minecraftservices.com', name='PROD'
[21:14:26] [main/INFO]: Found new data pack file/bukkit, loading it automatically
[21:14:26] [main/INFO]: Reloading ResourceManager: Default, bukkit
[21:14:26] [Worker-Main-1/INFO]: Loaded 7 recipes
[21:14:27] [Server thread/INFO]: Starting minecraft server version 1.17.1
[21:14:27] [Server thread/INFO]: Loading properties
[21:14:27] [Server thread/INFO]: This server is running Paper version git-Paper-411 (MC: 1.17.1) (Implementing API version 1.17.1-R0.1-SNAPSHOT) (Git: 6625db3 on ver/1.17.1)
[21:14:27] [Server thread/INFO]: Server Ping Player Sample Count: 12
[21:14:27] [Server thread/INFO]: Using 4 threads for Netty based IO
[21:14:27] [Server thread/INFO]: Default game type: SURVIVAL
[21:14:27] [Server thread/INFO]: Generating keypair
[21:14:27] [Server thread/INFO]: Starting Minecraft server on *:25565
[21:14:27] [Server thread/INFO]: Using default channel type
[21:14:27] [Server thread/INFO]: Paper: Using Java 11 compression from Velocity.
[21:14:27] [Server thread/INFO]: Paper: Using Java cipher from Velocity.
[21:14:28] [Server thread/INFO]: Preparing level "world"
[21:14:31] [Server thread/WARN]: Unable to find spawn biome
[21:14:31] [Server thread/WARN]: Unable to find spawn biome
[21:14:32] [Server thread/INFO]: Preparing start region for dimension minecraft:overworld
[21:14:32] [Worker-Main-1/INFO]: Preparing spawn area: 0%
[21:14:32] [Worker-Main-2/INFO]: Preparing spawn area: 0%
[21:14:32] [Server thread/INFO]: Time elapsed: 766 ms
[21:14:32] [Server thread/INFO]: Preparing start region for dimension minecraft:the_nether
[21:14:32] [Server thread/INFO]: Time elapsed: 124 ms
[21:14:32] [Server thread/INFO]: Preparing start region for dimension minecraft:the_end
[21:14:33] [Server thread/INFO]: Time elapsed: 147 ms
[21:14:33] [Server thread/INFO]: Running delayed init tasks
[21:14:33] [Server thread/INFO]: Done (5.522s)! For help, type "help"
[21:14:33] [Server thread/INFO]: Timings Reset
[21:14:44] [User Authenticator #1/INFO]: UUID of player dmac1023 is 295dd8bb-76b1-4547-b32b-4b2ee9a6c5f7
[21:14:44] [Server thread/INFO]: dmac1023 joined the game
[21:14:44] [Server thread/INFO]: dmac1023[/10.77.128.53:54519] logged in with entity id 595 at ([world]199.5, 71.0, 51.5)
[21:14:51] [Server thread/INFO]: dmac1023 lost connection: Disconnected
[21:14:51] [Server thread/INFO]: dmac1023 left the game
[21:15:13] [Server thread/INFO]: Stopping server
[21:15:13] [Server thread/INFO]: Saving players
[21:15:13] [Server thread/INFO]: Saving worlds
[21:15:13] [Server thread/INFO]: Saving chunks for level 'ServerLevel[world]'/minecraft:overworld
[21:15:14] [Server thread/INFO]: Saving chunks for level 'ServerLevel[world_nether]'/minecraft:the_nether
[21:15:14] [Server thread/INFO]: Saving chunks for level 'ServerLevel[world_the_end]'/minecraft:the_end
[21:15:15] [Server thread/INFO]: ThreadedAnvilChunkStorage (world): All chunks are saved
[21:15:15] [Server thread/INFO]: ThreadedAnvilChunkStorage (DIM-1): All chunks are saved
[21:15:15] [Server thread/INFO]: ThreadedAnvilChunkStorage (DIM1): All chunks are saved
[21:15:15] [Server thread/INFO]: ThreadedAnvilChunkStorage: All dimensions are saved
[21:15:15] [Server thread/INFO]: Flushing Chunk IO
[21:15:15] [Server thread/INFO]: Closing Thread Pool
[21:15:15] [Server thread/INFO]: Closing Server
